<?xml version="1.0" encoding="UTF-8"?>
<testsuite name="/Users/promode/IdeaProjects/APIAutomationATB6x"
           tests="2"
           failures="0"
           errors="0"
           skipped="0"
           time="4.995">
    <properties></properties>



            <testcase
                name="testCreateBookingNegative"
                time="1.296"
                classname="com.thetestingacademy.tests.crud.testCreateBookingPOST">
            </testcase>
            <testcase
                name="testCreateBooking"
                time="3.699"
                classname="com.thetestingacademy.tests.crud.testCreateBookingPOST">
            </testcase>
</testsuite>
